<?xml version="1.0" encoding="UTF-8"?>
<testng-results ignored="0" total="1" passed="1" failed="0" skipped="0">
  <reporter-output>
  </reporter-output>
  <suite started-at="2025-09-22T09:24:34 IST" name="Default suite" finished-at="2025-09-22T09:24:37 IST" duration-ms="3009">
    <groups>
    </groups>
    <test started-at="2025-09-22T09:24:34 IST" name="Default test" finished-at="2025-09-22T09:24:37 IST" duration-ms="3009">
      <class name="apiTesting.OAuthTesting">
        <test-method signature="testOauth()[pri:0, instance:apiTesting.OAuthTesting@3023df74]" started-at="2025-09-22T09:24:34 IST" name="testOauth" finished-at="2025-09-22T09:24:37 IST" duration-ms="2959" status="PASS">
          <reporter-output>
          </reporter-output>
        </test-method> <!-- testOauth -->
      </class> <!-- apiTesting.OAuthTesting -->
    </test> <!-- Default test -->
  </suite> <!-- Default suite -->
</testng-results>
